<?xml version="1.0" encoding="UTF-8"?>
<testsuite name="ru.stqa.pft.sandbox.PrimeTest" tests="2" skipped="0" failures="0" errors="0" timestamp="2020-02-29T14:11:57" hostname="onepc" time="5.422">
  <properties/>
  <testcase name="testPrime" classname="ru.stqa.pft.sandbox.PrimeTest" time="5.418"/>
  <testcase name="testPrimeFast" classname="ru.stqa.pft.sandbox.PrimeTest" time="0.001"/>
  <system-out><![CDATA[]]></system-out>
  <system-err><![CDATA[]]></system-err>
</testsuite>
