<?xml version="1.0" encoding="UTF-8"?>
<testsuite name="ru.stqa.pft.rest.RestsAssuredTests" tests="1" skipped="0" failures="0" errors="0" timestamp="2020-03-21T10:53:19" hostname="onepc" time="3.304">
  <properties/>
  <testcase name="createIssue" classname="ru.stqa.pft.rest.RestsAssuredTests" time="3.304"/>
  <system-out><![CDATA[]]></system-out>
  <system-err><![CDATA[]]></system-err>
</testsuite>
