<?xml version="1.0" encoding="UTF-8"?>
<testsuite name="ru.stqa.pft.rest.RestsTests" tests="1" skipped="0" failures="0" errors="0" timestamp="2020-03-21T00:17:18" hostname="onepc" time="11.338">
  <properties/>
  <testcase name="createIssue" classname="ru.stqa.pft.rest.RestsTests" time="11.338"/>
  <system-out><![CDATA[]]></system-out>
  <system-err><![CDATA[]]></system-err>
</testsuite>
