<?xml version="1.0" encoding="UTF-8"?>
<testsuite name="ru.stqa.pft.addressbook.tests.GroupCreationTests" tests="5" skipped="0" failures="0" errors="0" timestamp="2020-03-08T19:48:23" hostname="onepc" time="4.71">
  <properties/>
  <testcase name="testGroupCreation[0](GroupData{id='2147483647', name='Name 0'})" classname="ru.stqa.pft.addressbook.tests.GroupCreationTests" time="1.047"/>
  <testcase name="testGroupCreation[1](GroupData{id='2147483647', name='Name 1'})" classname="ru.stqa.pft.addressbook.tests.GroupCreationTests" time="0.931"/>
  <testcase name="testGroupCreation[2](GroupData{id='2147483647', name='Name 2'})" classname="ru.stqa.pft.addressbook.tests.GroupCreationTests" time="0.902"/>
  <testcase name="testGroupCreation[3](GroupData{id='2147483647', name='Name 3'})" classname="ru.stqa.pft.addressbook.tests.GroupCreationTests" time="0.888"/>
  <testcase name="testGroupCreation[4](GroupData{id='2147483647', name='Name 4'})" classname="ru.stqa.pft.addressbook.tests.GroupCreationTests" time="0.939"/>
  <system-out><![CDATA[]]></system-out>
  <system-err><![CDATA[]]></system-err>
</testsuite>
