<?xml version="1.0" encoding="UTF-8"?>
<testsuite name="ru.stqa.pft.addressbook.tests.GroupCreationTests" tests="5" skipped="0" failures="0" errors="0" timestamp="2020-03-08T23:08:57" hostname="onepc" time="7.471">
  <properties/>
  <testcase name="testGroupCreation[0](GroupData{id='2147483647', name='Name 0'})" classname="ru.stqa.pft.addressbook.tests.GroupCreationTests" time="2.002"/>
  <testcase name="testGroupCreation[1](GroupData{id='2147483647', name='Name 1'})" classname="ru.stqa.pft.addressbook.tests.GroupCreationTests" time="1.349"/>
  <testcase name="testGroupCreation[2](GroupData{id='2147483647', name='Name 2'})" classname="ru.stqa.pft.addressbook.tests.GroupCreationTests" time="1.335"/>
  <testcase name="testGroupCreation[3](GroupData{id='2147483647', name='Name 3'})" classname="ru.stqa.pft.addressbook.tests.GroupCreationTests" time="1.38"/>
  <testcase name="testGroupCreation[4](GroupData{id='2147483647', name='Name 4'})" classname="ru.stqa.pft.addressbook.tests.GroupCreationTests" time="1.401"/>
  <system-out><![CDATA[]]></system-out>
  <system-err><![CDATA[]]></system-err>
</testsuite>
