<?xml version="1.0" encoding="UTF-8"?>
<testsuite name="ru.stqa.pft.addressbook.tests.ContactAdressTests" tests="1" skipped="0" failures="0" errors="0" timestamp="2020-03-06T20:23:02" hostname="onepc" time="0.478">
  <properties/>
  <testcase name="ContactAdressTest" classname="ru.stqa.pft.addressbook.tests.ContactAdressTests" time="0.478"/>
  <system-out><![CDATA[]]></system-out>
  <system-err><![CDATA[]]></system-err>
</testsuite>
