<?xml version="1.0" encoding="UTF-8"?>
<testsuite name="ru.stqa.pft.addressbook.tests.GroupDeletionTests" tests="1" skipped="0" failures="0" errors="0" timestamp="2020-02-25T19:16:41" hostname="onepc" time="2.333">
  <properties/>
  <testcase name="testGroupDeletion" classname="ru.stqa.pft.addressbook.tests.GroupDeletionTests" time="2.333"/>
  <system-out><![CDATA[]]></system-out>
  <system-err><![CDATA[Started InternetExplorerDriver server (32-bit)
3.150.1.0
Listening on port 48707
Only local connections are allowed
фев 25, 2020 10:16:39 PM org.openqa.selenium.remote.ProtocolHandshake createSession
INFO: Detected dialect: W3C
]]></system-err>
</testsuite>
