<?xml version="1.0" encoding="UTF-8"?>
<testsuite name="ru.stqa.pft.addressbook.tests.ContactPhoneTest" tests="1" skipped="0" failures="0" errors="0" timestamp="2020-03-06T20:23:03" hostname="onepc" time="0.295">
  <properties/>
  <testcase name="phoneTest" classname="ru.stqa.pft.addressbook.tests.ContactPhoneTest" time="0.295"/>
  <system-out><![CDATA[]]></system-out>
  <system-err><![CDATA[]]></system-err>
</testsuite>
