<?xml version="1.0" encoding="UTF-8"?>
<testsuite name="ru.stqa.pft.addressbook.GroupDeletionTests" tests="1" skipped="0" failures="0" errors="0" timestamp="2020-01-26T18:06:37" hostname="onepc" time="0.54">
  <properties/>
  <testcase name="testGroupDeletion" classname="ru.stqa.pft.addressbook.GroupDeletionTests" time="0.54"/>
  <system-out><![CDATA[]]></system-out>
  <system-err><![CDATA[Starting ChromeDriver 79.0.3945.36 (3582db32b33893869b8c1339e8f4d9ed1816f143-refs/branch-heads/3945@{#614}) on port 25082
Only local connections are allowed.
Please protect ports used by ChromeDriver and related test frameworks to prevent access by malicious code.
янв 26, 2020 9:06:36 PM org.openqa.selenium.remote.ProtocolHandshake createSession
INFO: Detected dialect: W3C
]]></system-err>
</testsuite>
